
================================================================
======== Log Rotated - 30.11.2021, 00:00:00                     
================================================================
[04:42:36] [MiBmW#7] Rackoon: joined with identifiers [license:dff1dc1c72eb3350aaf3c80723fcee784d97afe4; xbl:2533274870215274; live:1055520907729499; discord:557710624734314537; fivem:1330610; license2:b153e72bc6bb5dee77ed99c80c64b6797c969a9d]
[04:44:22] [MiBmW#7] Rackoon: said "/me h"
[04:44:24] [MiBmW#7] Rackoon: disconnected
[04:56:15] [MiBmW#8] Rackoon: joined with identifiers [license:dff1dc1c72eb3350aaf3c80723fcee784d97afe4; xbl:2533274870215274; live:1055520907729499; discord:557710624734314537; fivem:1330610; license2:b153e72bc6bb5dee77ed99c80c64b6797c969a9d]
[04:56:48] [MiBmW#8] Rackoon: said "/-playerFocus"
[04:56:58] [MiBmW#8] Rackoon: said "/-playerFocus"
[04:57:03] [MiBmW#8] Rackoon: said "/-playerFocus"
[04:57:28] [MiBmW#8] Rackoon: said "/noclip"
[04:57:34] [MiBmW#8] Rackoon: said "/noclip"
[04:57:41] [MiBmW#8] Rackoon: said "/-playerFocus"
[04:57:42] [MiBmW#8] Rackoon: said "/-playerFocus"
[04:57:49] [MiBmW#8] Rackoon: said "/-playerFocus"
[04:58:53] [MiBmW#8] Rackoon: said "/-playerFocus"
[04:58:55] [MiBmW#8] Rackoon: said "/-playerFocus"
[04:59:09] [MiBmW#8] Rackoon: said "/revive"
[04:59:30] [MiBmW#8] Rackoon: said "/revive"
[05:00:58] [MiBmW#8] Rackoon: said "/-playerFocus"
[05:01:20] [MiBmW#8] Rackoon: said "/-playerFocus"
[05:01:21] [MiBmW#8] Rackoon: said "/-playerFocus"
[05:01:23] [MiBmW#8] Rackoon: said "/-playerFocus"
[05:02:19] [MiBmW#8] Rackoon: said "/-playerFocus"
[05:02:38] [MiBmW#8] Rackoon: said "/revive"
[05:02:48] [MiBmW#8] Rackoon: said "/-playerFocus"
[05:03:47] [MiBmW#8] Rackoon: died from suicide (Falling)
[05:03:49] [MiBmW#8] Rackoon: said "/revive"
[05:03:52] [MiBmW#8] Rackoon: said "/revive"
[05:04:00] [MiBmW#8] Rackoon: said "/car adder"
[05:04:29] [MiBmW#8] Rackoon: said "/-playerFocus"
[05:06:12] [MiBmW#8] Rackoon: said "/repair"
[05:06:14] [MiBmW#8] Rackoon: said "/fix"
[05:07:48] [MiBmW#8] Rackoon: said "/-playerFocus"
[05:08:15] [MiBmW#8] Rackoon: said "/-playerFocus"
[05:08:35] [MiBmW#8] Rackoon: said "/me hngrbjfdskn"
[05:10:00] [MiBmW#8] Rackoon: said "/-playerFocus"
[05:10:56] [MiBmW#8] Rackoon: said "/-playerFocus"
[05:11:43] [MiBmW#8] Rackoon: said "/-playerFocus"
[05:12:52] [MiBmW#8] Rackoon: said "/car sultan"
[05:12:57] [MiBmW#8] Rackoon: said "/-playerFocus"
[05:13:30] [MiBmW#8] Rackoon: said "/-playerFocus"
[05:13:34] [MiBmW#8] Rackoon: said "/-playerFocus"
[05:14:16] [MiBmW#8] Rackoon: said "/car adder"
[05:14:33] [MiBmW#8] Rackoon: said "/-playerFocus"
[05:15:37] [MiBmW#8] Rackoon: disconnected
[23:06:42] [MiBmW#9] Rackoon: joined with identifiers [license:dff1dc1c72eb3350aaf3c80723fcee784d97afe4; xbl:2533274870215274; live:1055520907729499; discord:557710624734314537; fivem:1330610; license2:b153e72bc6bb5dee77ed99c80c64b6797c969a9d]
[23:08:20] [MiBmW#9] Rackoon: said "/-playerFocus"
[23:09:57] [MiBmW#9] Rackoon: said "/-playerFocus"
[23:11:31] [MiBmW#9] Rackoon: said "/-playerFocus"
[23:12:01] [MiBmW#9] Rackoon: said "/-playerFocus"
[23:12:27] [MiBmW#9] Rackoon: said "/-playerFocus"
[23:12:44] [MiBmW#9] Rackoon: said "/-playerFocus"
[23:12:55] [MiBmW#9] Rackoon: said "/-playerFocus"
[23:13:02] [MiBmW#9] Rackoon: said "/-playerFocus"
[23:13:40] [MiBmW#9] Rackoon: said "/-playerFocus"
[23:13:56] [MiBmW#9] Rackoon: disconnected
