
================================================================
======== Log Rotated - 1.12.2021, 00:00:00                      
================================================================
[00:59:01] [MiBmW#10] Rackoon: joined with identifiers [license:dff1dc1c72eb3350aaf3c80723fcee784d97afe4; xbl:2533274870215274; live:1055520907729499; discord:557710624734314537; fivem:1330610; license2:b153e72bc6bb5dee77ed99c80c64b6797c969a9d]
[00:59:45] [MiBmW#10] Rackoon: said "/-playerFocus"
[01:00:03] [MiBmW#10] Rackoon: said "/createhouse 1 5"
[01:00:08] [MiBmW#10] Rackoon: said "/enter"
[01:00:13] [MiBmW#10] Rackoon: said "/-playerFocus"
[01:01:01] [MiBmW#10] Rackoon: said "/createhouse 1 5"
[01:01:08] [MiBmW#10] Rackoon: said "/createhouse 1 6"
[01:01:13] [MiBmW#10] Rackoon: said "/enter"
[01:01:35] [MiBmW#10] Rackoon: said "/noclip"
[01:01:55] [MiBmW#10] Rackoon: said "/noclip"
[01:01:59] [MiBmW#10] Rackoon: said "/decorate"
[01:02:54] [MiBmW#10] Rackoon: said "/decorate"
[01:03:50] [MiBmW#10] Rackoon: said "/noclip"
[01:06:10] [MiBmW#10] Rackoon: said "/noclip"
[01:06:12] [MiBmW#10] Rackoon: said "/noclip"
[01:07:14] [MiBmW#10] Rackoon: said "/giveitem 10 jerrycan 1"
[01:07:18] [MiBmW#10] Rackoon: said "/giveitem 10 jerry_can 1"
[01:07:27] [MiBmW#10] Rackoon: said "/noclip"
[01:08:33] [MiBmW#10] Rackoon: said "/car adder"
[01:10:04] [MiBmW#10] Rackoon: said "/giveitem 10 pistol 1"
[01:10:09] [MiBmW#10] Rackoon: said "/giveitem 10 pistol_weapon 1"
[01:10:16] [MiBmW#10] Rackoon: said "/giveitem 10 weapon_pistol 1"
[01:10:33] [MiBmW#10] Rackoon: said "/giveitem 10 pistol_ammo 1"
[01:10:56] [MiBmW#10] Rackoon: said "/giveitem 10 pistol_ammo 1"
[01:12:02] [MiBmW#10] Rackoon: caused an explosion (CAR)
[01:12:06] [MiBmW#10] Rackoon: said "/giveitem 10 pistol_ammo 1"
[01:12:29] [MiBmW#10] Rackoon: said "/revive"
[01:12:58] [MiBmW#10] Rackoon: said "/revive"
[01:13:00] [MiBmW#10] Rackoon: said "/giveitem 10 pistol_ammo 1"
[01:13:02] [MiBmW#10] Rackoon: said "/giveitem 10 pistol_ammo 1"
[01:13:03] [MiBmW#10] Rackoon: said "/giveitem 10 pistol_ammo 1"
[01:13:04] [MiBmW#10] Rackoon: said "/giveitem 10 pistol_ammo 1"
[01:14:59] [MiBmW#10] Rackoon: said "/car adder"
[01:15:14] [MiBmW#10] Rackoon: said "/giveitem 10 pistol_ammo 1"
[01:15:58] [MiBmW#10] Rackoon: disconnected
[01:36:47] [MiBmW#11] Rackoon: joined with identifiers [license:dff1dc1c72eb3350aaf3c80723fcee784d97afe4; xbl:2533274870215274; live:1055520907729499; discord:557710624734314537; fivem:1330610; license2:b153e72bc6bb5dee77ed99c80c64b6797c969a9d]
[01:37:45] [MiBmW#11] Rackoon: said "/noclip"
[01:38:07] [MiBmW#11] Rackoon: said "/car scramjet"
[01:38:13] [MiBmW#11] Rackoon: said "/noclip"
[01:38:37] [MiBmW#11] Rackoon: said "/-playerFocus"
[01:39:29] [MiBmW#11] Rackoon: said "/FIX"
[01:39:36] [MiBmW#11] Rackoon: said "/FIX"
[01:40:24] [MiBmW#11] Rackoon: said "/FIX"
[01:40:33] [MiBmW#11] Rackoon: said "/FIX"
[01:40:48] [MiBmW#11] Rackoon: said "/FIX"
[01:40:56] [MiBmW#11] Rackoon: said "/car scramjet"
[01:41:12] [MiBmW#11] Rackoon: died from suicide (Falling)
[01:41:18] [MiBmW#11] Rackoon: said "/REVIVE"
[01:41:24] [MiBmW#11] Rackoon: said "/car scramjet"
[01:41:35] [MiBmW#11] Rackoon: died from suicide (Falling)
[01:41:41] [MiBmW#11] Rackoon: said "/REVIVE"
[01:41:44] [MiBmW#11] Rackoon: said "/car scramjet"
[01:41:48] [MiBmW#11] Rackoon: said "/car scramjet"
[01:42:49] [MiBmW#11] Rackoon: said "/car scramjet"
[01:43:16] [MiBmW#11] Rackoon: died from suicide (Falling)
[01:43:22] [MiBmW#11] Rackoon: said "/REVIVE"
[01:43:24] [MiBmW#11] Rackoon: said "/car scramjet"
[01:44:11] [MiBmW#11] Rackoon: said "/car scramjet"
[01:44:22] [MiBmW#11] Rackoon: died from suicide (Falling)
[01:44:31] [MiBmW#11] Rackoon: said "/REVIVE"
[01:44:33] [MiBmW#11] Rackoon: said "/car scramjet"
[01:44:36] [MiBmW#11] Rackoon: said "/car scramjet"
[01:45:09] [MiBmW#11] Rackoon: said "/car scramjet"
[01:45:18] [MiBmW#11] Rackoon: died from suicide (Falling)
[01:45:30] [MiBmW#11] Rackoon: said "/REVIVE"
[01:45:41] [MiBmW#11] Rackoon: said "/car scramjet"
[01:46:59] [MiBmW#11] Rackoon: said "/car scramjet"
[01:48:32] [MiBmW#11] Rackoon: said "/FIX"
[01:49:10] [MiBmW#11] Rackoon: said "/noclip"
[01:49:34] [MiBmW#11] Rackoon: said "/noclip"
[01:53:55] [MiBmW#11] Rackoon: said "/-playerFocus"
[01:54:31] [MiBmW#11] Rackoon: died from suicide (Falling)
[01:54:37] [MiBmW#11] Rackoon: said "/revive"
[01:54:40] [MiBmW#11] Rackoon: disconnected
[01:57:41] [MiBmW#12] Rackoon: joined with identifiers [license:dff1dc1c72eb3350aaf3c80723fcee784d97afe4; xbl:2533274870215274; live:1055520907729499; discord:557710624734314537; fivem:1330610; license2:b153e72bc6bb5dee77ed99c80c64b6797c969a9d]
[02:01:18] [MiBmW#12] Rackoon: disconnected
[07:48:03] [MiBmW#13] Rackoon: joined with identifiers [license:dff1dc1c72eb3350aaf3c80723fcee784d97afe4; xbl:2533274870215274; live:1055520907729499; discord:557710624734314537; fivem:1330610; license2:b153e72bc6bb5dee77ed99c80c64b6797c969a9d]
[07:49:24] [MiBmW#13] Rackoon: said "/-playerFocus"
[07:49:42] [MiBmW#13] Rackoon: said "/car modern"
[07:49:43] [MiBmW#13] Rackoon: said "/-playerFocus"
[07:49:44] [MiBmW#13] Rackoon: said "/-playerFocus"
[07:49:58] [MiBmW#13] Rackoon: said "/car neo"
[07:50:10] [MiBmW#13] Rackoon: said "/car raiden"
[07:50:44] [MiBmW#13] Rackoon: said "/-playerFocus"
[07:51:00] [MiBmW#13] Rackoon: said "/-playerFocus"
[07:51:13] [MiBmW#13] Rackoon: said "/car elegy_retro_custom"
[07:51:17] [MiBmW#13] Rackoon: said "/car elegyretrocustom"
[07:51:18] [MiBmW#13] Rackoon: said "/-playerFocus"
[07:51:47] [MiBmW#13] Rackoon: said "/car elegy"
[08:30:55] [MiBmW#13] Rackoon: said "/-playerFocus"
[08:31:30] [MiBmW#13] Rackoon: said "/-playerFocus"
[08:31:37] [MiBmW#13] Rackoon: said "/-playerFocus"
[08:31:43] [MiBmW#13] Rackoon: said "/-playerFocus"
[08:31:59] [MiBmW#13] Rackoon: said "/-playerFocus"
[08:32:12] [MiBmW#13] Rackoon: said "/-playerFocus"
[08:36:43] [MiBmW#13] Rackoon: said "/-playerFocus"
[08:37:04] [MiBmW#13] Rackoon: said "/-playerFocus"
[08:37:38] [MiBmW#13] Rackoon: said "/-playerFocus"
[08:38:05] [MiBmW#13] Rackoon: said "/-playerFocus"
[08:38:41] [MiBmW#13] Rackoon: said "/-playerFocus"
[08:38:53] [MiBmW#13] Rackoon: said "/car nero2"
[08:41:20] [MiBmW#13] Rackoon: said "/-playerFocus"
[08:43:51] [MiBmW#13] Rackoon: said "/-playerFocus"
[08:43:53] [MiBmW#13] Rackoon: said "/-playerFocus"
[08:43:55] [MiBmW#13] Rackoon: said "/-playerFocus"
[08:43:58] [MiBmW#13] Rackoon: said "/-playerFocus"
[08:44:00] [MiBmW#13] Rackoon: said "/-playerFocus"
[08:44:03] [MiBmW#13] Rackoon: said "/-playerFocus"
[08:44:11] [MiBmW#13] Rackoon: said "/-playerFocus"
[08:45:45] [MiBmW#13] Rackoon: said "/car dominator2"
[08:45:48] [MiBmW#13] Rackoon: said "/car dominator3"
[08:45:52] [MiBmW#13] Rackoon: said "/car dominator4"
[08:45:55] [MiBmW#13] Rackoon: said "/car dominator5"
[08:46:02] [MiBmW#13] Rackoon: said "/car dominator6"
[08:46:06] [MiBmW#13] Rackoon: said "/car dominator7"
[08:46:10] [MiBmW#13] Rackoon: said "/car dominator7"
[08:46:14] [MiBmW#13] Rackoon: said "8"
[08:46:16] [MiBmW#13] Rackoon: said "/car dominator8"
[08:49:09] [MiBmW#13] Rackoon: said "/-playerFocus"
[08:50:39] [MiBmW#13] Rackoon: said "/car previon"
[08:52:01] [MiBmW#13] Rackoon: said "/-playerFocus"
[08:52:39] [MiBmW#13] Rackoon: said "/-playerFocus"
[08:53:25] [MiBmW#13] Rackoon: said "/car calico"
[08:55:19] [MiBmW#13] Rackoon: said "/-playerFocus"
[08:55:38] [MiBmW#13] Rackoon: said "/car jester3"
[08:55:41] [MiBmW#13] Rackoon: said "/car jester4"
[09:01:30] [MiBmW#13] Rackoon: said "/-playerFocus"
[09:02:34] [MiBmW#13] Rackoon: said "/quiot"
[09:02:36] [MiBmW#13] Rackoon: disconnected
